<?xml version="1.0" encoding="UTF-8"?>
<!-- Generated by org.testng.reporters.JUnitReportReporter -->
<testsuite skipped="0" hostname="DESKTOP-7HNKN0S" name="com.itc.calc.testcases.CalorieCalculatorPageTestCase" tests="1" failures="0" timestamp="09 Apr 2021 09:59:39 GMT" time="13.563" errors="0">
  <testcase name="EnterCalorieDetails" time="13.563" classname="com.itc.calc.testcases.CalorieCalculatorPageTestCase"/>
</testsuite> <!-- com.itc.calc.testcases.CalorieCalculatorPageTestCase -->
