<?xml version="1.0" encoding="UTF-8"?>
<!-- Generated by org.testng.reporters.JUnitReportReporter -->
<testsuite skipped="0" hostname="DESKTOP-7HNKN0S" name="com.itc.calc.testcases.CalorieCalculatorDDT_ExcelTestCase" tests="3" failures="0" timestamp="09 Apr 2021 09:59:39 GMT" time="4.294" errors="0">
  <testcase name="EnterCalorieDetails" time="1.205" classname="com.itc.calc.testcases.CalorieCalculatorDDT_ExcelTestCase"/>
  <testcase name="EnterCalorieDetails" time="1.279" classname="com.itc.calc.testcases.CalorieCalculatorDDT_ExcelTestCase"/>
  <testcase name="EnterCalorieDetails" time="1.810" classname="com.itc.calc.testcases.CalorieCalculatorDDT_ExcelTestCase"/>
</testsuite> <!-- com.itc.calc.testcases.CalorieCalculatorDDT_ExcelTestCase -->
